<?xml version="1.0" encoding="UTF-8"?>
<!-- Generated by org.testng.reporters.JUnitXMLReporter -->
<testsuite ignored="0" hostname="LAIMUMLT9002" failures="2" tests="4" name="ErrorValidationTest" time="39.688" errors="0" timestamp="2024-01-14T15:34:56 IST">
  <testcase classname="abhay.ErrorValidationTest" name="loginErrorValidation" time="4.504">
    <skipped/>
  </testcase> <!-- loginErrorValidation -->
  <testcase classname="abhay.ErrorValidationTest" name="loginErrorValidation" time="4.32">
    <failure type="java.lang.AssertionError" message="expected [ Incorrect username or password] but found [* Incorrect username or password]">
      <![CDATA[java.lang.AssertionError: expected [ Incorrect username or password] but found [* Incorrect username or password]
at abhay.ErrorValidationTest.loginErrorValidation(ErrorValidationTest.java:18)
at java.base/java.util.ArrayList.forEach(ArrayList.java:1511)
... Removed 33 stack frames]]>
    </failure>
  </testcase> <!-- loginErrorValidation -->
  <testcase classname="abhay.ErrorValidationTest" name="loginErrorValidation" time="4.321">
    <skipped/>
  </testcase> <!-- loginErrorValidation -->
  <testcase classname="abhay.ErrorValidationTest" name="loginErrorValidation" time="4.336">
    <failure type="java.lang.AssertionError" message="expected [ Incorrect username or password] but found [* Incorrect username or password]">
      <![CDATA[java.lang.AssertionError: expected [ Incorrect username or password] but found [* Incorrect username or password]
at abhay.ErrorValidationTest.loginErrorValidation(ErrorValidationTest.java:18)
at java.base/java.util.ArrayList.forEach(ArrayList.java:1511)
... Removed 33 stack frames]]>
    </failure>
  </testcase> <!-- loginErrorValidation -->
</testsuite> <!-- ErrorValidationTest -->
