<?xml version="1.0" encoding="UTF-8"?>
<!-- Generated by org.testng.reporters.JUnitXMLReporter -->
<testsuite ignored="0" hostname="LAIMUMLT9002" failures="1" tests="1" name="test" time="21.392" errors="0" timestamp="2023-10-28T11:59:21 IST">
  <testcase classname="abhay.ErrorValidationTest" name="loginErrorValidation" time="4.613">
    <failure type="java.lang.AssertionError" message="expected [Incorrect username or password] but found [* Incorrect username or password]">
      <![CDATA[java.lang.AssertionError: expected [Incorrect username or password] but found [* Incorrect username or password]
at abhay.ErrorValidationTest.loginErrorValidation(ErrorValidationTest.java:15)
at java.base/java.util.ArrayList.forEach(ArrayList.java:1511)
... Removed 33 stack frames]]>
    </failure>
  </testcase> <!-- loginErrorValidation -->
</testsuite> <!-- test -->
